Determining if the Q_WS_WIN exist failed with the following output:
Change Dir: /home/salabeta/daniKapi/segundoComponente/CMakeFiles/CMakeTmp

Run Build Command:"/usr/bin/make" "cmTryCompileExec1995775991/fast"
/usr/bin/make -f CMakeFiles/cmTryCompileExec1995775991.dir/build.make CMakeFiles/cmTryCompileExec1995775991.dir/build
make[1]: Entering directory '/home/salabeta/daniKapi/segundoComponente/CMakeFiles/CMakeTmp'
/usr/bin/cmake -E cmake_progress_report /home/salabeta/daniKapi/segundoComponente/CMakeFiles/CMakeTmp/CMakeFiles 1
Building CXX object CMakeFiles/cmTryCompileExec1995775991.dir/CheckSymbolExists.cxx.o
/usr/bin/c++    -I/usr/include/qt4    -o CMakeFiles/cmTryCompileExec1995775991.dir/CheckSymbolExists.cxx.o -c /home/salabeta/daniKapi/segundoComponente/CMakeFiles/CMakeTmp/CheckSymbolExists.cxx
/home/salabeta/daniKapi/segundoComponente/CMakeFiles/CMakeTmp/CheckSymbolExists.cxx: In function ‘int main(int, char**)’:
/home/salabeta/daniKapi/segundoComponente/CMakeFiles/CMakeTmp/CheckSymbolExists.cxx:8:19: error: ‘Q_WS_WIN’ was not declared in this scope
   return ((int*)(&Q_WS_WIN))[argc];
                   ^
CMakeFiles/cmTryCompileExec1995775991.dir/build.make:57: recipe for target 'CMakeFiles/cmTryCompileExec1995775991.dir/CheckSymbolExists.cxx.o' failed
make[1]: *** [CMakeFiles/cmTryCompileExec1995775991.dir/CheckSymbolExists.cxx.o] Error 1
make[1]: Leaving directory '/home/salabeta/daniKapi/segundoComponente/CMakeFiles/CMakeTmp'
Makefile:118: recipe for target 'cmTryCompileExec1995775991/fast' failed
make: *** [cmTryCompileExec1995775991/fast] Error 2

File /home/salabeta/daniKapi/segundoComponente/CMakeFiles/CMakeTmp/CheckSymbolExists.cxx:
/* */
#include <QtCore/qglobal.h>

int main(int argc, char** argv)
{
  (void)argv;
#ifndef Q_WS_WIN
  return ((int*)(&Q_WS_WIN))[argc];
#else
  (void)argc;
  return 0;
#endif
}

Determining if the Q_WS_QWS exist failed with the following output:
Change Dir: /home/salabeta/daniKapi/segundoComponente/CMakeFiles/CMakeTmp

Run Build Command:"/usr/bin/make" "cmTryCompileExec1426273854/fast"
/usr/bin/make -f CMakeFiles/cmTryCompileExec1426273854.dir/build.make CMakeFiles/cmTryCompileExec1426273854.dir/build
make[1]: Entering directory '/home/salabeta/daniKapi/segundoComponente/CMakeFiles/CMakeTmp'
/usr/bin/cmake -E cmake_progress_report /home/salabeta/daniKapi/segundoComponente/CMakeFiles/CMakeTmp/CMakeFiles 1
Building CXX object CMakeFiles/cmTryCompileExec1426273854.dir/CheckSymbolExists.cxx.o
/usr/bin/c++    -I/usr/include/qt4    -o CMakeFiles/cmTryCompileExec1426273854.dir/CheckSymbolExists.cxx.o -c /home/salabeta/daniKapi/segundoComponente/CMakeFiles/CMakeTmp/CheckSymbolExists.cxx
/home/salabeta/daniKapi/segundoComponente/CMakeFiles/CMakeTmp/CheckSymbolExists.cxx: In function ‘int main(int, char**)’:
/home/salabeta/daniKapi/segundoComponente/CMakeFiles/CMakeTmp/CheckSymbolExists.cxx:8:19: error: ‘Q_WS_QWS’ was not declared in this scope
   return ((int*)(&Q_WS_QWS))[argc];
                   ^
CMakeFiles/cmTryCompileExec1426273854.dir/build.make:57: recipe for target 'CMakeFiles/cmTryCompileExec1426273854.dir/CheckSymbolExists.cxx.o' failed
make[1]: Leaving directory '/home/salabeta/daniKapi/segundoComponente/CMakeFiles/CMakeTmp'
make[1]: *** [CMakeFiles/cmTryCompileExec1426273854.dir/CheckSymbolExists.cxx.o] Error 1
Makefile:118: recipe for target 'cmTryCompileExec1426273854/fast' failed
make: *** [cmTryCompileExec1426273854/fast] Error 2

File /home/salabeta/daniKapi/segundoComponente/CMakeFiles/CMakeTmp/CheckSymbolExists.cxx:
/* */
#include <QtCore/qglobal.h>

int main(int argc, char** argv)
{
  (void)argv;
#ifndef Q_WS_QWS
  return ((int*)(&Q_WS_QWS))[argc];
#else
  (void)argc;
  return 0;
#endif
}

Determining if the Q_WS_MAC exist failed with the following output:
Change Dir: /home/salabeta/daniKapi/segundoComponente/CMakeFiles/CMakeTmp

Run Build Command:"/usr/bin/make" "cmTryCompileExec1993546263/fast"
/usr/bin/make -f CMakeFiles/cmTryCompileExec1993546263.dir/build.make CMakeFiles/cmTryCompileExec1993546263.dir/build
make[1]: Entering directory '/home/salabeta/daniKapi/segundoComponente/CMakeFiles/CMakeTmp'
/usr/bin/cmake -E cmake_progress_report /home/salabeta/daniKapi/segundoComponente/CMakeFiles/CMakeTmp/CMakeFiles 1
Building CXX object CMakeFiles/cmTryCompileExec1993546263.dir/CheckSymbolExists.cxx.o
/usr/bin/c++    -I/usr/include/qt4    -o CMakeFiles/cmTryCompileExec1993546263.dir/CheckSymbolExists.cxx.o -c /home/salabeta/daniKapi/segundoComponente/CMakeFiles/CMakeTmp/CheckSymbolExists.cxx
/home/salabeta/daniKapi/segundoComponente/CMakeFiles/CMakeTmp/CheckSymbolExists.cxx: In function ‘int main(int, char**)’:
/home/salabeta/daniKapi/segundoComponente/CMakeFiles/CMakeTmp/CheckSymbolExists.cxx:8:19: error: ‘Q_WS_MAC’ was not declared in this scope
   return ((int*)(&Q_WS_MAC))[argc];
                   ^
CMakeFiles/cmTryCompileExec1993546263.dir/build.make:57: recipe for target 'CMakeFiles/cmTryCompileExec1993546263.dir/CheckSymbolExists.cxx.o' failed
make[1]: *** [CMakeFiles/cmTryCompileExec1993546263.dir/CheckSymbolExists.cxx.o] Error 1
make[1]: Leaving directory '/home/salabeta/daniKapi/segundoComponente/CMakeFiles/CMakeTmp'
Makefile:118: recipe for target 'cmTryCompileExec1993546263/fast' failed
make: *** [cmTryCompileExec1993546263/fast] Error 2

File /home/salabeta/daniKapi/segundoComponente/CMakeFiles/CMakeTmp/CheckSymbolExists.cxx:
/* */
#include <QtCore/qglobal.h>

int main(int argc, char** argv)
{
  (void)argv;
#ifndef Q_WS_MAC
  return ((int*)(&Q_WS_MAC))[argc];
#else
  (void)argc;
  return 0;
#endif
}

