Determining if the Q_WS_WIN exist failed with the following output:
Change Dir: /home/salabeta/DaniKapi/segundocomponente/build/CMakeFiles/CMakeTmp

Run Build Command:"/usr/bin/make" "cmTryCompileExec1620606867/fast"
/usr/bin/make -f CMakeFiles/cmTryCompileExec1620606867.dir/build.make CMakeFiles/cmTryCompileExec1620606867.dir/build
make[1]: Entering directory '/home/salabeta/DaniKapi/segundocomponente/build/CMakeFiles/CMakeTmp'
/usr/bin/cmake -E cmake_progress_report /home/salabeta/DaniKapi/segundocomponente/build/CMakeFiles/CMakeTmp/CMakeFiles 1
Building CXX object CMakeFiles/cmTryCompileExec1620606867.dir/CheckSymbolExists.cxx.o
/usr/bin/c++    -I/usr/include/qt4    -o CMakeFiles/cmTryCompileExec1620606867.dir/CheckSymbolExists.cxx.o -c /home/salabeta/DaniKapi/segundocomponente/build/CMakeFiles/CMakeTmp/CheckSymbolExists.cxx
/home/salabeta/DaniKapi/segundocomponente/build/CMakeFiles/CMakeTmp/CheckSymbolExists.cxx: In function ‘int main(int, char**)’:
/home/salabeta/DaniKapi/segundocomponente/build/CMakeFiles/CMakeTmp/CheckSymbolExists.cxx:8:19: error: ‘Q_WS_WIN’ was not declared in this scope
   return ((int*)(&Q_WS_WIN))[argc];
                   ^
CMakeFiles/cmTryCompileExec1620606867.dir/build.make:57: recipe for target 'CMakeFiles/cmTryCompileExec1620606867.dir/CheckSymbolExists.cxx.o' failed
make[1]: *** [CMakeFiles/cmTryCompileExec1620606867.dir/CheckSymbolExists.cxx.o] Error 1
make[1]: Leaving directory '/home/salabeta/DaniKapi/segundocomponente/build/CMakeFiles/CMakeTmp'
Makefile:118: recipe for target 'cmTryCompileExec1620606867/fast' failed
make: *** [cmTryCompileExec1620606867/fast] Error 2

File /home/salabeta/DaniKapi/segundocomponente/build/CMakeFiles/CMakeTmp/CheckSymbolExists.cxx:
/* */
#include <QtCore/qglobal.h>

int main(int argc, char** argv)
{
  (void)argv;
#ifndef Q_WS_WIN
  return ((int*)(&Q_WS_WIN))[argc];
#else
  (void)argc;
  return 0;
#endif
}

Determining if the Q_WS_QWS exist failed with the following output:
Change Dir: /home/salabeta/DaniKapi/segundocomponente/build/CMakeFiles/CMakeTmp

Run Build Command:"/usr/bin/make" "cmTryCompileExec2380797198/fast"
/usr/bin/make -f CMakeFiles/cmTryCompileExec2380797198.dir/build.make CMakeFiles/cmTryCompileExec2380797198.dir/build
make[1]: Entering directory '/home/salabeta/DaniKapi/segundocomponente/build/CMakeFiles/CMakeTmp'
/usr/bin/cmake -E cmake_progress_report /home/salabeta/DaniKapi/segundocomponente/build/CMakeFiles/CMakeTmp/CMakeFiles 1
Building CXX object CMakeFiles/cmTryCompileExec2380797198.dir/CheckSymbolExists.cxx.o
/usr/bin/c++    -I/usr/include/qt4    -o CMakeFiles/cmTryCompileExec2380797198.dir/CheckSymbolExists.cxx.o -c /home/salabeta/DaniKapi/segundocomponente/build/CMakeFiles/CMakeTmp/CheckSymbolExists.cxx
/home/salabeta/DaniKapi/segundocomponente/build/CMakeFiles/CMakeTmp/CheckSymbolExists.cxx: In function ‘int main(int, char**)’:
/home/salabeta/DaniKapi/segundocomponente/build/CMakeFiles/CMakeTmp/CheckSymbolExists.cxx:8:19: error: ‘Q_WS_QWS’ was not declared in this scope
   return ((int*)(&Q_WS_QWS))[argc];
                   ^
CMakeFiles/cmTryCompileExec2380797198.dir/build.make:57: recipe for target 'CMakeFiles/cmTryCompileExec2380797198.dir/CheckSymbolExists.cxx.o' failed
make[1]: *** [CMakeFiles/cmTryCompileExec2380797198.dir/CheckSymbolExists.cxx.o] Error 1
make[1]: Leaving directory '/home/salabeta/DaniKapi/segundocomponente/build/CMakeFiles/CMakeTmp'
Makefile:118: recipe for target 'cmTryCompileExec2380797198/fast' failed
make: *** [cmTryCompileExec2380797198/fast] Error 2

File /home/salabeta/DaniKapi/segundocomponente/build/CMakeFiles/CMakeTmp/CheckSymbolExists.cxx:
/* */
#include <QtCore/qglobal.h>

int main(int argc, char** argv)
{
  (void)argv;
#ifndef Q_WS_QWS
  return ((int*)(&Q_WS_QWS))[argc];
#else
  (void)argc;
  return 0;
#endif
}

Determining if the Q_WS_MAC exist failed with the following output:
Change Dir: /home/salabeta/DaniKapi/segundocomponente/build/CMakeFiles/CMakeTmp

Run Build Command:"/usr/bin/make" "cmTryCompileExec1657994136/fast"
/usr/bin/make -f CMakeFiles/cmTryCompileExec1657994136.dir/build.make CMakeFiles/cmTryCompileExec1657994136.dir/build
make[1]: Entering directory '/home/salabeta/DaniKapi/segundocomponente/build/CMakeFiles/CMakeTmp'
/usr/bin/cmake -E cmake_progress_report /home/salabeta/DaniKapi/segundocomponente/build/CMakeFiles/CMakeTmp/CMakeFiles 1
Building CXX object CMakeFiles/cmTryCompileExec1657994136.dir/CheckSymbolExists.cxx.o
/usr/bin/c++    -I/usr/include/qt4    -o CMakeFiles/cmTryCompileExec1657994136.dir/CheckSymbolExists.cxx.o -c /home/salabeta/DaniKapi/segundocomponente/build/CMakeFiles/CMakeTmp/CheckSymbolExists.cxx
/home/salabeta/DaniKapi/segundocomponente/build/CMakeFiles/CMakeTmp/CheckSymbolExists.cxx: In function ‘int main(int, char**)’:
/home/salabeta/DaniKapi/segundocomponente/build/CMakeFiles/CMakeTmp/CheckSymbolExists.cxx:8:19: error: ‘Q_WS_MAC’ was not declared in this scope
   return ((int*)(&Q_WS_MAC))[argc];
                   ^
CMakeFiles/cmTryCompileExec1657994136.dir/build.make:57: recipe for target 'CMakeFiles/cmTryCompileExec1657994136.dir/CheckSymbolExists.cxx.o' failed
make[1]: *** [CMakeFiles/cmTryCompileExec1657994136.dir/CheckSymbolExists.cxx.o] Error 1
make[1]: Leaving directory '/home/salabeta/DaniKapi/segundocomponente/build/CMakeFiles/CMakeTmp'
Makefile:118: recipe for target 'cmTryCompileExec1657994136/fast' failed
make: *** [cmTryCompileExec1657994136/fast] Error 2

File /home/salabeta/DaniKapi/segundocomponente/build/CMakeFiles/CMakeTmp/CheckSymbolExists.cxx:
/* */
#include <QtCore/qglobal.h>

int main(int argc, char** argv)
{
  (void)argv;
#ifndef Q_WS_MAC
  return ((int*)(&Q_WS_MAC))[argc];
#else
  (void)argc;
  return 0;
#endif
}

